SF:lib/app/enums/climb_type.dart
DA:1,2
DA:9,1
DA:11,1
DA:13,1
DA:15,1
DA:17,1
LF:6
LH:6
end_of_record
SF:lib/app/enums/location.dart
DA:1,2
DA:8,1
DA:10,1
DA:12,1
DA:14,1
LF:5
LH:5
end_of_record
SF:lib/app/enums/route_color.dart
DA:4,2
DA:16,0
DA:18,0
DA:20,0
DA:22,0
DA:24,0
DA:26,0
DA:28,0
DA:30,0
DA:32,0
DA:37,0
DA:39,0
DA:41,0
DA:43,0
DA:45,0
DA:47,0
DA:49,0
DA:51,0
DA:53,0
LF:19
LH:1
end_of_record
SF:lib/app/enums/section.dart
DA:1,2
LF:1
LH:1
end_of_record
SF:lib/app/theme.dart
DA:5,0
DA:235,0
LF:2
LH:0
end_of_record
